Using pre-set license
Built from '2020.3/staging' branch; Version is '2020.3.13f1 (71691879b7f5) revision 7432472'; Using compiler version '192528614'; Build Type 'Release'
OS: 'Windows 10 Home; OS build 22000.978; Version 2009; 64bit' Language: 'en' Physical Memory: 16218 MB
BatchMode: 1, IsHumanControllingUs: 0, StartBugReporterOnCrash: 0, Is64bit: 1, IsPro: 0

 COMMAND LINE ARGUMENTS:
C:\Program Files\Unity\Hub\Editor\2020.3.13f1\Editor\Unity.exe
-adb2
-batchMode
-noUpm
-name
AssetImportWorker0
-projectPath
C:/Users/Edwin/Developer/super-waddle/Personal Project
-logFile
Logs/AssetImportWorker0.log
-srvPort
49713
Successfully changed project path to: C:/Users/Edwin/Developer/super-waddle/Personal Project
C:/Users/Edwin/Developer/super-waddle/Personal Project
Using Asset Import Pipeline V2.
Refreshing native plugins compatible for Editor in 78.42 ms, found 5 plugins.
Preloading 1 native plugins for Editor in 1.01 ms.
Initialize engine version: 2020.3.13f1 (71691879b7f5)
[Subsystems] Discovering subsystems at path C:/Program Files/Unity/Hub/Editor/2020.3.13f1/Editor/Data/Resources/UnitySubsystems
[Subsystems] Discovering subsystems at path C:/Users/Edwin/Developer/super-waddle/Personal Project/Assets
GfxDevice: creating device client; threaded=0
Direct3D:
    Version:  Direct3D 11.0 [level 11.1]
    Renderer: Intel(R) Iris(R) Xe Graphics (ID=0x9a49)
    Vendor:   
    VRAM:     8109 MB
    Driver:   30.0.101.1340
Initialize mono
Mono path[0] = 'C:/Program Files/Unity/Hub/Editor/2020.3.13f1/Editor/Data/Managed'
Mono path[1] = 'C:/Program Files/Unity/Hub/Editor/2020.3.13f1/Editor/Data/MonoBleedingEdge/lib/mono/unityjit'
Mono config path = 'C:/Program Files/Unity/Hub/Editor/2020.3.13f1/Editor/Data/MonoBleedingEdge/etc'
Using monoOptions --debugger-agent=transport=dt_socket,embedding=1,server=y,suspend=n,address=127.0.0.1:56152
Begin MonoManager ReloadAssembly
Registering precompiled unity dll's ...
Register platform support module: C:/Program Files/Unity/Hub/Editor/2020.3.13f1/Editor/Data/PlaybackEngines/WebGLSupport/UnityEditor.WebGL.Extensions.dll
Register platform support module: C:/Program Files/Unity/Hub/Editor/2020.3.13f1/Editor/Data/PlaybackEngines/WindowsStandaloneSupport/UnityEditor.WindowsStandalone.Extensions.dll
Registered in 0.001283 seconds.
Native extension for WindowsStandalone target not found
Native extension for WebGL target not found
Refreshing native plugins compatible for Editor in 73.56 ms, found 5 plugins.
Preloading 1 native plugins for Editor in 0.13 ms.
Mono: successfully reloaded assembly
- Completed reload, in  1.785 seconds
Platform modules already initialized, skipping
Registering precompiled user dll's ...
Registered in 0.004126 seconds.
Begin MonoManager ReloadAssembly
Native extension for WindowsStandalone target not found
Native extension for WebGL target not found
Refreshing native plugins compatible for Editor in 75.03 ms, found 5 plugins.
Preloading 1 native plugins for Editor in 0.17 ms.
[XR] OculusXRPlugin: registering subsystems
[XR] Unable to register display lifecyle provider: [1]
[XR] Oculus Input lifecycle provider registered.
[XR] Unable to register input lifecyle provider: [1]
NullReferenceException: Object reference not set to an instance of an object
  at Unity.XR.Oculus.OculusLoader.AssetPathToAbsolutePath (System.String assetPath) [0x00048] in C:\Users\Edwin\Developer\super-waddle\Personal Project\Library\PackageCache\com.unity.xr.oculus@1.9.1\Runtime\OculusLoader.cs:249 
  at Unity.XR.Oculus.OculusLoader.EditorLoadOVRPlugin () [0x0007b] in C:\Users\Edwin\Developer\super-waddle\Personal Project\Library\PackageCache\com.unity.xr.oculus@1.9.1\Runtime\OculusLoader.cs:234 

(Filename: Library/PackageCache/com.unity.xr.oculus@1.9.1/Runtime/OculusLoader.cs Line: 249)

Mono: successfully reloaded assembly
- Completed reload, in  1.074 seconds
Platform modules already initialized, skipping
========================================================================
Worker process is ready to serve import requests
Shader 'Universal Render Pipeline/Particles/Lit': fallback shader 'Universal Render Pipeline/Particles/SimpleLit' not found
Shader 'Universal Render Pipeline/Particles/Lit': fallback shader 'Universal Render Pipeline/Particles/SimpleLit' not found
Launched and connected shader compiler UnityShaderCompiler.exe after 0.04 seconds
Refreshing native plugins compatible for Editor in 0.87 ms, found 5 plugins.
Preloading 1 native plugins for Editor in 0.15 ms.
Unloading 3457 Unused Serialized files (Serialized files now loaded: 0)
System memory in use before: 157.2 MB.
System memory in use after: 154.5 MB.

Unloading 57 unused Assets to reduce memory usage. Loaded Objects now: 3868.
Total: 3.847600 ms (FindLiveObjects: 0.250100 ms CreateObjectMapping: 0.118400 ms MarkObjects: 2.303200 ms  DeleteObjects: 1.174500 ms)

AssetImportParameters requested are different than current active one (requested -> active):
  custom:framework-win-MediaFoundation: 216162199b28c13a410421893ffa2e32 -> 
  custom:video-decoder-ogg-theora: a1e56fd34408186e4bbccfd4996cb3dc -> 
  custom:container-muxer-webm: aa71ff27fc2769a1b78a27578f13a17b -> 
  custom:container-demuxer-webm: 4f35f7cbe854078d1ac9338744f61a02 -> 
  custom:container-demuxer-ogg: 62fdf1f143b41e24485cea50d1cbac27 -> 
  custom:video-encoder-webm-vp8: eb34c28f22e8b96e1ab97ce403110664 -> 
  custom:video-codec-MediaFoundation-h265: 746d11721c4dcdbdad8f713fa42b33f4 -> 
  custom:video-decoder-webm-vp8: 9c59270c3fd7afecdb556c50c9e8de78 -> 
  custom:audio-decoder-ogg-vorbis: bf7c407c2cedff20999df2af8eb42d56 -> 
  custom:audio-encoder-webm-vorbis: bf7c407c2cedff20999df2af8eb42d56 -> 
========================================================================
Received Import Request.
  path: Assets/Presets
  artifactKey: Guid(558255460b74ec04fa70b5570e9327bd) Importer(815301076,1909f56bfc062723c751e8b465ee728b)
Start importing Assets/Presets using Guid(558255460b74ec04fa70b5570e9327bd) Importer(815301076,1909f56bfc062723c751e8b465ee728b)  -> (artifact id: 'e1966229f3d7993f283b578bcf544b58') in 0.011922 seconds 
  Import took 0.016990 seconds .

========================================================================
Received Import Request.
  Time since last request: 0.000439 seconds.
  path: Assets/Presets/AudioStreaming.preset
  artifactKey: Guid(86bcce7f5575b54408aa0f3a7d321039) Importer(815301076,1909f56bfc062723c751e8b465ee728b)
Start importing Assets/Presets/AudioStreaming.preset using Guid(86bcce7f5575b54408aa0f3a7d321039) Importer(815301076,1909f56bfc062723c751e8b465ee728b)  -> (artifact id: '9982fbd60bc57b892b2c54d34a0163c0') in 0.054822 seconds 
  Import took 0.060001 seconds .

========================================================================
Received Import Request.
  Time since last request: 0.000262 seconds.
  path: Assets/Presets/AudioCompressedInMemory.preset
  artifactKey: Guid(2dd802e4d37c65149922028d3e973832) Importer(815301076,1909f56bfc062723c751e8b465ee728b)
Start importing Assets/Presets/AudioCompressedInMemory.preset using Guid(2dd802e4d37c65149922028d3e973832) Importer(815301076,1909f56bfc062723c751e8b465ee728b)  -> (artifact id: 'ac4de02398cfe62c06251b0f50233ebf') in 0.012688 seconds 
  Import took 0.020359 seconds .

========================================================================
Received Import Request.
  Time since last request: 0.000273 seconds.
  path: Assets/Presets/NormalTexture.preset
  artifactKey: Guid(14a57cf3b9fa1c74b884aa7e0dcf1faa) Importer(815301076,1909f56bfc062723c751e8b465ee728b)
Start importing Assets/Presets/NormalTexture.preset using Guid(14a57cf3b9fa1c74b884aa7e0dcf1faa) Importer(815301076,1909f56bfc062723c751e8b465ee728b)  -> (artifact id: '9c195482fc53bc4f53f643643f636469') in 0.015219 seconds 
  Import took 0.020921 seconds .

========================================================================
Received Import Request.
  Time since last request: 0.000466 seconds.
  path: Assets/Presets/UtilityTexture.preset
  artifactKey: Guid(45f7b2e3c78185248b3adbb14429c2ab) Importer(815301076,1909f56bfc062723c751e8b465ee728b)
Start importing Assets/Presets/UtilityTexture.preset using Guid(45f7b2e3c78185248b3adbb14429c2ab) Importer(815301076,1909f56bfc062723c751e8b465ee728b)  -> (artifact id: 'ab9c1faeeb59b745cafa0ae79c874a42') in 0.016647 seconds 
  Import took 0.023394 seconds .

========================================================================
Received Import Request.
  Time since last request: 11.191330 seconds.
  path: Assets/Practice
  artifactKey: Guid(5c121ca91c9481140bf6554fd91dfb9a) Importer(815301076,1909f56bfc062723c751e8b465ee728b)
Start importing Assets/Practice using Guid(5c121ca91c9481140bf6554fd91dfb9a) Importer(815301076,1909f56bfc062723c751e8b465ee728b)  -> (artifact id: 'c44a19c65c9158bccf4609f9ca153d07') in 0.006238 seconds 
  Import took 0.013353 seconds .

========================================================================
Received Import Request.
  Time since last request: 36.886123 seconds.
  path: Assets/Practice/Cup and Fluid Effect.unity
  artifactKey: Guid(bcc8c789b949d9c4db1e076363509685) Importer(815301076,1909f56bfc062723c751e8b465ee728b)
Start importing Assets/Practice/Cup and Fluid Effect.unity using Guid(bcc8c789b949d9c4db1e076363509685) Importer(815301076,1909f56bfc062723c751e8b465ee728b)  -> (artifact id: 'b9f6aba73ef0c0589f1c5b33e6d8619e') in 0.008869 seconds 
  Import took 0.014408 seconds .

========================================================================
Received Import Request.
  Time since last request: 0.001672 seconds.
  path: Assets/Practice/Cup and Fluid Effect.unity
  artifactKey: Guid(bcc8c789b949d9c4db1e076363509685) Importer(815301076,1909f56bfc062723c751e8b465ee728b)
Start importing Assets/Practice/Cup and Fluid Effect.unity using Guid(bcc8c789b949d9c4db1e076363509685) Importer(815301076,1909f56bfc062723c751e8b465ee728b)  -> (artifact id: 'b9f6aba73ef0c0589f1c5b33e6d8619e') in 0.003111 seconds 
  Import took 0.008142 seconds .

========================================================================
Received Import Request.
  Time since last request: 426.893725 seconds.
  path: Assets/Practice/Cup and Fluid Effect.unity
  artifactKey: Guid(bcc8c789b949d9c4db1e076363509685) Importer(815301076,1909f56bfc062723c751e8b465ee728b)
Start importing Assets/Practice/Cup and Fluid Effect.unity using Guid(bcc8c789b949d9c4db1e076363509685) Importer(815301076,1909f56bfc062723c751e8b465ee728b)  -> (artifact id: 'd276e3d2e0e31eca1ee1f463ccdef0a6') in 0.003222 seconds 
  Import took 0.012063 seconds .

========================================================================
Received Import Request.
  Time since last request: 0.002518 seconds.
  path: Assets/Practice/Cup and Fluid Effect.unity
  artifactKey: Guid(bcc8c789b949d9c4db1e076363509685) Importer(815301076,1909f56bfc062723c751e8b465ee728b)
Start importing Assets/Practice/Cup and Fluid Effect.unity using Guid(bcc8c789b949d9c4db1e076363509685) Importer(815301076,1909f56bfc062723c751e8b465ee728b)  -> (artifact id: 'd276e3d2e0e31eca1ee1f463ccdef0a6') in 0.003037 seconds 
  Import took 0.009155 seconds .

========================================================================
Received Import Request.
  Time since last request: 11.845181 seconds.
  path: Assets/Practice/New Material.mat
  artifactKey: Guid(234e06afc9bb0694bbc1b6dc72c4e66d) Importer(815301076,1909f56bfc062723c751e8b465ee728b)
Start importing Assets/Practice/New Material.mat using Guid(234e06afc9bb0694bbc1b6dc72c4e66d) Importer(815301076,1909f56bfc062723c751e8b465ee728b)  -> (artifact id: '3372f68b9306ff563bce126e98e339b2') in 0.211210 seconds 
  Import took 0.218711 seconds .

========================================================================
Received Import Request.
  Time since last request: 68.135752 seconds.
  path: Assets/Practice/mug.cs
  artifactKey: Guid(d0670cc44011f964eb6213bc8623d48d) Importer(815301076,1909f56bfc062723c751e8b465ee728b)
Start importing Assets/Practice/mug.cs using Guid(d0670cc44011f964eb6213bc8623d48d) Importer(815301076,1909f56bfc062723c751e8b465ee728b)  -> (artifact id: '219b75eb3e607577a6cbfad2dd7d0f7d') in 0.016708 seconds 
  Import took 0.024752 seconds .

========================================================================
Received Import Request.
  Time since last request: 0.002530 seconds.
  path: Assets/Practice/mug.cs
  artifactKey: Guid(d0670cc44011f964eb6213bc8623d48d) Importer(815301076,1909f56bfc062723c751e8b465ee728b)
Start importing Assets/Practice/mug.cs using Guid(d0670cc44011f964eb6213bc8623d48d) Importer(815301076,1909f56bfc062723c751e8b465ee728b)  -> (artifact id: '219b75eb3e607577a6cbfad2dd7d0f7d') in 0.002944 seconds 
  Import took 0.009438 seconds .

========================================================================
Received Prepare
Registering precompiled user dll's ...
Registered in 0.004683 seconds.
Begin MonoManager ReloadAssembly
Native extension for WindowsStandalone target not found
Native extension for WebGL target not found
Refreshing native plugins compatible for Editor in 0.82 ms, found 5 plugins.
Preloading 1 native plugins for Editor in 0.13 ms.
NullReferenceException: Object reference not set to an instance of an object
  at Unity.XR.Oculus.OculusLoader.AssetPathToAbsolutePath (System.String assetPath) [0x00048] in C:\Users\Edwin\Developer\super-waddle\Personal Project\Library\PackageCache\com.unity.xr.oculus@1.9.1\Runtime\OculusLoader.cs:249 
  at Unity.XR.Oculus.OculusLoader.EditorLoadOVRPlugin () [0x0007b] in C:\Users\Edwin\Developer\super-waddle\Personal Project\Library\PackageCache\com.unity.xr.oculus@1.9.1\Runtime\OculusLoader.cs:234 

(Filename: Library/PackageCache/com.unity.xr.oculus@1.9.1/Runtime/OculusLoader.cs Line: 249)

Mono: successfully reloaded assembly
- Completed reload, in  1.073 seconds
Platform modules already initialized, skipping
Shader 'Universal Render Pipeline/Particles/Lit': fallback shader 'Universal Render Pipeline/Particles/SimpleLit' not found
Shader 'Universal Render Pipeline/Particles/Lit': fallback shader 'Universal Render Pipeline/Particles/SimpleLit' not found
Refreshing native plugins compatible for Editor in 1.09 ms, found 5 plugins.
Preloading 1 native plugins for Editor in 0.13 ms.
Unloading 3364 Unused Serialized files (Serialized files now loaded: 0)
System memory in use before: 158.0 MB.
System memory in use after: 155.4 MB.

Unloading 50 unused Assets to reduce memory usage. Loaded Objects now: 3951.
Total: 4.064400 ms (FindLiveObjects: 0.239100 ms CreateObjectMapping: 0.197900 ms MarkObjects: 2.489600 ms  DeleteObjects: 1.136000 ms)

AssetImportParameters requested are different than current active one (requested -> active):
  custom:framework-win-MediaFoundation: 216162199b28c13a410421893ffa2e32 -> 
  custom:video-decoder-ogg-theora: a1e56fd34408186e4bbccfd4996cb3dc -> 
  custom:container-muxer-webm: aa71ff27fc2769a1b78a27578f13a17b -> 
  custom:container-demuxer-webm: 4f35f7cbe854078d1ac9338744f61a02 -> 
  custom:container-demuxer-ogg: 62fdf1f143b41e24485cea50d1cbac27 -> 
  custom:video-encoder-webm-vp8: eb34c28f22e8b96e1ab97ce403110664 -> 
  custom:video-codec-MediaFoundation-h265: 746d11721c4dcdbdad8f713fa42b33f4 -> 
  custom:video-decoder-webm-vp8: 9c59270c3fd7afecdb556c50c9e8de78 -> 
  custom:audio-decoder-ogg-vorbis: bf7c407c2cedff20999df2af8eb42d56 -> 
  custom:audio-encoder-webm-vorbis: bf7c407c2cedff20999df2af8eb42d56 -> 
